{"/home/mikael/Projects/Globalsys-dev/rest-api-swagger-tsoa-develop/src/app.ts": {"path":"/home/mikael/Projects/Globalsys-dev/rest-api-swagger-tsoa-develop/src/app.ts","statementMap":{"0":{"start":{"line":1,"column":0},"end":{"line":1,"column":80}},"1":{"start":{"line":2,"column":0},"end":{"line":2,"column":37}},"2":{"start":{"line":3,"column":0},"end":{"line":3,"column":49}},"3":{"start":{"line":4,"column":0},"end":{"line":4,"column":43}},"4":{"start":{"line":5,"column":0},"end":{"line":5,"column":39}},"5":{"start":{"line":6,"column":0},"end":{"line":6,"column":34}},"6":{"start":{"line":7,"column":0},"end":{"line":7,"column":23}},"7":{"start":{"line":8,"column":0},"end":{"line":8,"column":27}},"8":{"start":{"line":9,"column":0},"end":{"line":9,"column":44}},"9":{"start":{"line":10,"column":0},"end":{"line":10,"column":27}},"10":{"start":{"line":11,"column":0},"end":{"line":11,"column":41}},"11":{"start":{"line":12,"column":17},"end":{"line":12,"column":null}},"12":{"start":{"line":14,"column":12},"end":{"line":14,"column":21}},"13":{"start":{"line":41,"column":9},"end":{"line":41,"column":12}},"14":{"start":{"line":16,"column":0},"end":{"line":16,"column":null}},"15":{"start":{"line":17,"column":0},"end":{"line":17,"column":null}},"16":{"start":{"line":18,"column":0},"end":{"line":18,"column":null}},"17":{"start":{"line":20,"column":0},"end":{"line":20,"column":27}},"18":{"start":{"line":21,"column":0},"end":{"line":25,"column":2}},"19":{"start":{"line":27,"column":0},"end":{"line":27,"column":null}},"20":{"start":{"line":29,"column":0},"end":{"line":29,"column":null}},"21":{"start":{"line":31,"column":0},"end":{"line":31,"column":null}},"22":{"start":{"line":33,"column":0},"end":{"line":33,"column":20}},"23":{"start":{"line":35,"column":0},"end":{"line":39,"column":3}},"24":{"start":{"line":35,"column":73},"end":{"line":39,"column":2}},"25":{"start":{"line":36,"column":9},"end":{"line":36,"column":null}},"26":{"start":{"line":37,"column":4},"end":{"line":37,"column":27}},"27":{"start":{"line":37,"column":27},"end":{"line":37,"column":64}},"28":{"start":{"line":36,"column":2},"end":{"line":38,"column":4}}},"fnMap":{"0":{"name":"(anonymous_20)","decl":{"start":{"line":35,"column":34},"end":{"line":35,"column":41}},"loc":{"start":{"line":35,"column":73},"end":{"line":39,"column":2}}},"1":{"name":"(anonymous_21)","decl":{"start":{"line":35,"column":73},"end":{"line":35,"column":null}},"loc":{"start":{"line":35,"column":73},"end":{"line":39,"column":2}}},"2":{"name":"(anonymous_23)","decl":{"start":{"line":37,"column":27},"end":{"line":37,"column":40}},"loc":{"start":{"line":37,"column":27},"end":{"line":37,"column":64}}}},"branchMap":{"0":{"loc":{"start":{"line":36,"column":2},"end":{"line":38,"column":4}},"type":"switch","locations":[{"start":{"line":36,"column":2},"end":{"line":38,"column":4}}]}},"s":{"0":1,"1":1,"2":1,"3":1,"4":1,"5":1,"6":1,"7":1,"8":1,"9":1,"10":1,"11":1,"12":1,"13":1,"14":1,"15":1,"16":1,"17":1,"18":1,"19":1,"20":1,"21":1,"22":1,"23":1,"24":0,"25":0,"26":0,"27":0,"28":0},"f":{"0":0,"1":0,"2":0},"b":{"0":[0]}}
,"/home/mikael/Projects/Globalsys-dev/rest-api-swagger-tsoa-develop/src/server.ts": {"path":"/home/mikael/Projects/Globalsys-dev/rest-api-swagger-tsoa-develop/src/server.ts","statementMap":{"0":{"start":{"line":1,"column":0},"end":{"line":1,"column":9}},"1":{"start":{"line":11,"column":9},"end":{"line":1,"column":28}},"2":{"start":{"line":2,"column":0},"end":{"line":2,"column":41}},"3":{"start":{"line":4,"column":17},"end":{"line":4,"column":27}},"4":{"start":{"line":5,"column":0},"end":{"line":8,"column":4}},"5":{"start":{"line":6,"column":2},"end":{"line":8,"column":4}},"6":{"start":{"line":7,"column":4},"end":{"line":7,"column":null}}},"fnMap":{"0":{"name":"(anonymous_0)","decl":{"start":{"line":11,"column":9},"end":{"line":11,"column":12}},"loc":{"start":{"line":11,"column":9},"end":{"line":1,"column":28}}},"1":{"name":"(anonymous_1)","decl":{"start":{"line":6,"column":19},"end":{"line":6,"column":null}},"loc":{"start":{"line":6,"column":19},"end":{"line":7,"column":11}}}},"branchMap":{"0":{"loc":{"start":{"line":5,"column":0},"end":{"line":8,"column":4}},"type":"if","locations":[{"start":{"line":5,"column":0},"end":{"line":8,"column":4}},{"start":{"line":5,"column":0},"end":{"line":8,"column":4}}]}},"s":{"0":1,"1":2,"2":1,"3":1,"4":1,"5":0,"6":0},"f":{"0":1,"1":0},"b":{"0":[0,1]}}
,"/home/mikael/Projects/Globalsys-dev/rest-api-swagger-tsoa-develop/src/config/vars.ts": {"path":"/home/mikael/Projects/Globalsys-dev/rest-api-swagger-tsoa-develop/src/config/vars.ts","statementMap":{"0":{"start":{"line":1,"column":0},"end":{"line":1,"column":null}},"1":{"start":{"line":3,"column":23},"end":{"line":7,"column":null}},"2":{"start":{"line":9,"column":9},"end":{"line":9,"column":18}}},"fnMap":{},"branchMap":{"0":{"loc":{"start":{"line":6,"column":48},"end":{"line":6,"column":58}},"type":"cond-expr","locations":[{"start":{"line":6,"column":48},"end":{"line":6,"column":58}},{"start":{"line":6,"column":61},"end":{"line":6,"column":66}}]}},"s":{"0":1,"1":1,"2":1},"f":{},"b":{"0":[0,1]}}
,"/home/mikael/Projects/Globalsys-dev/rest-api-swagger-tsoa-develop/src/domains/users/user.service.ts": {"path":"/home/mikael/Projects/Globalsys-dev/rest-api-swagger-tsoa-develop/src/domains/users/user.service.ts","statementMap":{"0":{"start":{"line":6,"column":0},"end":{"line":6,"column":13}},"1":{"start":{"line":7,"column":9},"end":{"line":15,"column":null}},"2":{"start":{"line":8,"column":4},"end":{"line":14,"column":6}},"3":{"start":{"line":17,"column":9},"end":{"line":23,"column":null}},"4":{"start":{"line":18,"column":4},"end":{"line":21,"column":null}},"5":{"start":{"line":24,"column":0},"end":{"line":24,"column":null}},"6":{"start":{"line":6,"column":13},"end":{"line":6,"column":25}}},"fnMap":{"0":{"name":"(anonymous_2)","decl":{"start":{"line":6,"column":0},"end":{"line":6,"column":13}},"loc":{"start":{"line":6,"column":0},"end":{"line":24,"column":null}}},"1":{"name":"(anonymous_4)","decl":{"start":{"line":7,"column":2},"end":{"line":7,"column":9}},"loc":{"start":{"line":7,"column":38},"end":{"line":15,"column":3}}},"2":{"name":"(anonymous_5)","decl":{"start":{"line":17,"column":2},"end":{"line":17,"column":9}},"loc":{"start":{"line":17,"column":54},"end":{"line":23,"column":3}}}},"branchMap":{"0":{"loc":{"start":{"line":11,"column":12},"end":{"line":11,"column":16}},"type":"cond-expr","locations":[{"start":{"line":11,"column":12},"end":{"line":11,"column":16}},{"start":{"line":11,"column":20},"end":{"line":11,"column":30}}]},"1":{"loc":{"start":{"line":11,"column":12},"end":{"line":11,"column":20}},"type":"binary-expr","locations":[{"start":{"line":11,"column":12},"end":{"line":11,"column":20}},{"start":{"line":11,"column":12},"end":{"line":11,"column":20}}]}},"s":{"0":1,"1":1,"2":1,"3":1,"4":0,"5":1,"6":1},"f":{"0":2,"1":1,"2":0},"b":{"0":[0,1],"1":[1,1]}}
,"/home/mikael/Projects/Globalsys-dev/rest-api-swagger-tsoa-develop/src/domains/users/users.controller.ts": {"path":"/home/mikael/Projects/Globalsys-dev/rest-api-swagger-tsoa-develop/src/domains/users/users.controller.ts","statementMap":{"0":{"start":{"line":1,"column":0},"end":{"line":1,"column":null}},"1":{"start":{"line":12,"column":0},"end":{"line":12,"column":66}},"2":{"start":{"line":15,"column":0},"end":{"line":15,"column":null}},"3":{"start":{"line":15,"column":37},"end":{"line":15,"column":47}},"4":{"start":{"line":17,"column":15},"end":{"line":22,"column":null}},"5":{"start":{"line":21,"column":4},"end":{"line":21,"column":48}},"6":{"start":{"line":26,"column":15},"end":{"line":32,"column":null}},"7":{"start":{"line":29,"column":4},"end":{"line":29,"column":24}},"8":{"start":{"line":30,"column":4},"end":{"line":30,"column":43}},"9":{"start":{"line":31,"column":4},"end":{"line":31,"column":11}},"10":{"start":{"line":17,"column":2},"end":{"line":22,"column":null}},"11":{"start":{"line":26,"column":2},"end":{"line":32,"column":null}},"12":{"start":{"line":15,"column":13},"end":{"line":33,"column":null}},"13":{"start":{"line":33,"column":0},"end":{"line":33,"column":null}},"14":{"start":{"line":15,"column":13},"end":{"line":15,"column":28}}},"fnMap":{"0":{"name":"(anonymous_22)","decl":{"start":{"line":15,"column":0},"end":{"line":15,"column":13}},"loc":{"start":{"line":15,"column":0},"end":{"line":15,"column":13}}},"1":{"name":"(anonymous_24)","decl":{"start":{"line":17,"column":2},"end":{"line":17,"column":15}},"loc":{"start":{"line":19,"column":26},"end":{"line":22,"column":null}}},"2":{"name":"(anonymous_27)","decl":{"start":{"line":26,"column":2},"end":{"line":26,"column":15}},"loc":{"start":{"line":27,"column":43},"end":{"line":32,"column":null}}}},"branchMap":{},"s":{"0":1,"1":1,"2":1,"3":1,"4":1,"5":1,"6":1,"7":0,"8":0,"9":0,"10":1,"11":1,"12":1,"13":1,"14":1},"f":{"0":2,"1":1,"2":0},"b":{}}
}
